2023-03-16 08:41:52,886 DEBUG o.a.j.r.ClassFinder: findClassesThatExtend with searchPathsOrJars : [/home/fourbasse/scripts/JMETER/apache-jmeter-5.5/lib/ext], superclass : [interface org.apache.jmeter.functions.Function] innerClasses : true annotations: false contains: .functions., notContains: .gui.
2023-03-16 08:41:52,889 DEBUG o.a.j.r.ClassFinder: findClasses with searchPathsOrJars : [/home/fourbasse/scripts/JMETER/apache-jmeter-5.5/lib/ext] and classFilter : ExtendsClassFilter [parents=[interface org.apache.jmeter.functions.Function], inner=true, contains=.functions., notContains=.gui.]
2023-03-16 08:41:52,940 DEBUG o.a.j.r.ClassFinder: listClasses.size()=49
2023-03-16 08:41:52,940 DEBUG o.a.j.r.ClassFinder: listClasses : org.apache.jmeter.functions.BeanShell
2023-03-16 08:41:52,940 DEBUG o.a.j.r.ClassFinder: listClasses : org.apache.jmeter.functions.CSVRead
2023-03-16 08:41:52,940 DEBUG o.a.j.r.ClassFinder: listClasses : org.apache.jmeter.functions.ChangeCase
2023-03-16 08:41:52,940 DEBUG o.a.j.r.ClassFinder: listClasses : org.apache.jmeter.functions.CharFunction
2023-03-16 08:41:52,940 DEBUG o.a.j.r.ClassFinder: listClasses : org.apache.jmeter.functions.DateTimeConvertFunction
2023-03-16 08:41:52,940 DEBUG o.a.j.r.ClassFinder: listClasses : org.apache.jmeter.functions.DigestEncodeFunction
2023-03-16 08:41:52,940 DEBUG o.a.j.r.ClassFinder: listClasses : org.apache.jmeter.functions.EscapeHtml
2023-03-16 08:41:52,940 DEBUG o.a.j.r.ClassFinder: listClasses : org.apache.jmeter.functions.EscapeOroRegexpChars
2023-03-16 08:41:52,940 DEBUG o.a.j.r.ClassFinder: listClasses : org.apache.jmeter.functions.EscapeXml
2023-03-16 08:41:52,940 DEBUG o.a.j.r.ClassFinder: listClasses : org.apache.jmeter.functions.EvalFunction
2023-03-16 08:41:52,941 DEBUG o.a.j.r.ClassFinder: listClasses : org.apache.jmeter.functions.EvalVarFunction
2023-03-16 08:41:52,941 DEBUG o.a.j.r.ClassFinder: listClasses : org.apache.jmeter.functions.FileToString
2023-03-16 08:41:52,941 DEBUG o.a.j.r.ClassFinder: listClasses : org.apache.jmeter.functions.Groovy
2023-03-16 08:41:52,941 DEBUG o.a.j.r.ClassFinder: listClasses : org.apache.jmeter.functions.IntSum
2023-03-16 08:41:52,941 DEBUG o.a.j.r.ClassFinder: listClasses : org.apache.jmeter.functions.IsPropDefined
2023-03-16 08:41:52,941 DEBUG o.a.j.r.ClassFinder: listClasses : org.apache.jmeter.functions.IsVarDefined
2023-03-16 08:41:52,941 DEBUG o.a.j.r.ClassFinder: listClasses : org.apache.jmeter.functions.IterationCounter
2023-03-16 08:41:52,941 DEBUG o.a.j.r.ClassFinder: listClasses : org.apache.jmeter.functions.JavaScript
2023-03-16 08:41:52,941 DEBUG o.a.j.r.ClassFinder: listClasses : org.apache.jmeter.functions.Jexl2Function
2023-03-16 08:41:52,941 DEBUG o.a.j.r.ClassFinder: listClasses : org.apache.jmeter.functions.Jexl3Function
2023-03-16 08:41:52,941 DEBUG o.a.j.r.ClassFinder: listClasses : org.apache.jmeter.functions.LogFunction
2023-03-16 08:41:52,941 DEBUG o.a.j.r.ClassFinder: listClasses : org.apache.jmeter.functions.LogFunction2
2023-03-16 08:41:52,941 DEBUG o.a.j.r.ClassFinder: listClasses : org.apache.jmeter.functions.LongSum
2023-03-16 08:41:52,941 DEBUG o.a.j.r.ClassFinder: listClasses : org.apache.jmeter.functions.MachineIP
2023-03-16 08:41:52,941 DEBUG o.a.j.r.ClassFinder: listClasses : org.apache.jmeter.functions.MachineName
2023-03-16 08:41:52,941 DEBUG o.a.j.r.ClassFinder: listClasses : org.apache.jmeter.functions.Property
2023-03-16 08:41:52,941 DEBUG o.a.j.r.ClassFinder: listClasses : org.apache.jmeter.functions.Property2
2023-03-16 08:41:52,941 DEBUG o.a.j.r.ClassFinder: listClasses : org.apache.jmeter.functions.Random
2023-03-16 08:41:52,941 DEBUG o.a.j.r.ClassFinder: listClasses : org.apache.jmeter.functions.RandomDate
2023-03-16 08:41:52,941 DEBUG o.a.j.r.ClassFinder: listClasses : org.apache.jmeter.functions.RandomFromMultipleVars
2023-03-16 08:41:52,941 DEBUG o.a.j.r.ClassFinder: listClasses : org.apache.jmeter.functions.RandomString
2023-03-16 08:41:52,942 DEBUG o.a.j.r.ClassFinder: listClasses : org.apache.jmeter.functions.RegexFunction
2023-03-16 08:41:52,942 DEBUG o.a.j.r.ClassFinder: listClasses : org.apache.jmeter.functions.SamplerName
2023-03-16 08:41:52,942 DEBUG o.a.j.r.ClassFinder: listClasses : org.apache.jmeter.functions.SetProperty
2023-03-16 08:41:52,942 DEBUG o.a.j.r.ClassFinder: listClasses : org.apache.jmeter.functions.SplitFunction
2023-03-16 08:41:52,942 DEBUG o.a.j.r.ClassFinder: listClasses : org.apache.jmeter.functions.StringFromFile
2023-03-16 08:41:52,942 DEBUG o.a.j.r.ClassFinder: listClasses : org.apache.jmeter.functions.StringToFile
2023-03-16 08:41:52,942 DEBUG o.a.j.r.ClassFinder: listClasses : org.apache.jmeter.functions.TestPlanName
2023-03-16 08:41:52,942 DEBUG o.a.j.r.ClassFinder: listClasses : org.apache.jmeter.functions.ThreadGroupName
2023-03-16 08:41:52,942 DEBUG o.a.j.r.ClassFinder: listClasses : org.apache.jmeter.functions.ThreadNumber
2023-03-16 08:41:52,942 DEBUG o.a.j.r.ClassFinder: listClasses : org.apache.jmeter.functions.TimeFunction
2023-03-16 08:41:52,942 DEBUG o.a.j.r.ClassFinder: listClasses : org.apache.jmeter.functions.TimeShift
2023-03-16 08:41:52,942 DEBUG o.a.j.r.ClassFinder: listClasses : org.apache.jmeter.functions.UnEscape
2023-03-16 08:41:52,942 DEBUG o.a.j.r.ClassFinder: listClasses : org.apache.jmeter.functions.UnEscapeHtml
2023-03-16 08:41:52,942 DEBUG o.a.j.r.ClassFinder: listClasses : org.apache.jmeter.functions.UrlDecode
2023-03-16 08:41:52,942 DEBUG o.a.j.r.ClassFinder: listClasses : org.apache.jmeter.functions.UrlEncode
2023-03-16 08:41:52,942 DEBUG o.a.j.r.ClassFinder: listClasses : org.apache.jmeter.functions.Uuid
2023-03-16 08:41:52,942 DEBUG o.a.j.r.ClassFinder: listClasses : org.apache.jmeter.functions.Variable
2023-03-16 08:41:52,942 DEBUG o.a.j.r.ClassFinder: listClasses : org.apache.jmeter.functions.XPath
